2018-03-11 19:57:42 DEBUG [80238] New Blogapp::load
2018-03-11 19:57:42 DEBUG [80238] New Values: Russian dragonfly Nam dui.
2018-03-11 19:57:42 ERROR [80238] Esra Uncaught Exception
2018-03-11 20:00:49 DEBUG [80981] New Blogapp::load
2018-03-11 20:00:49 DEBUG [80981] New Values: Russian dragonfly Nam dui.
2018-03-11 20:00:49 ERROR [80981] Caught Default Exception
2018-03-11 20:04:22 DEBUG [82365] New Blogapp::load
2018-03-11 20:04:22 DEBUG [82365] New Values: Russian dragonfly Nam dui.
2018-03-11 20:04:22 ERROR [82365] Too many columns in line 3 in file "uploads/ee.csv".
2018-03-11 21:47:10 DEBUG [85632] New Blogapp::load
2018-03-11 21:50:59 DEBUG [86357] New Blogapp::load
2018-03-11 21:50:59 DEBUG [86364] New Blogapp::load
2018-03-11 22:03:55 DEBUG [86661] New Blogapp::load
2018-03-11 22:51:50 DEBUG [90468] BlogappController::load
2018-03-11 22:51:55 DEBUG [90468] BlogappController::load
2018-03-11 22:51:55 DEBUG [90468] BlogappController::load POST
2018-03-11 22:51:55 DEBUG [90468] Model qtcsv Blogapp::load
2018-03-11 22:51:55 DEBUG [90482] BlogappController::load
2018-03-11 22:51:55 DEBUG [90482] BlogappController::load POST
2018-03-11 22:51:55 DEBUG [90482] Model qtcsv Blogapp::load
2018-03-11 22:53:07 DEBUG [91173] BlogappController::load
2018-03-11 22:53:12 DEBUG [91173] BlogappController::load
2018-03-11 22:53:12 DEBUG [91173] BlogappController::load POST
2018-03-11 22:53:12 DEBUG [91173] Model qtcsv Blogapp::load
2018-03-11 22:54:27 DEBUG [91874] BlogappController::load
2018-03-11 22:54:31 DEBUG [91874] BlogappController::load
2018-03-11 22:54:31 DEBUG [91874] BlogappController::load POST
2018-03-11 22:54:31 DEBUG [91874] Model qtcsv Blogapp::load
2018-03-11 22:54:31 DEBUG [91896] BlogappController::load
2018-03-11 22:54:31 DEBUG [91896] BlogappController::load POST
2018-03-11 22:54:31 DEBUG [91896] Model qtcsv Blogapp::load
2018-03-11 22:56:56 DEBUG [92625] BlogappController::load
2018-03-11 22:57:02 DEBUG [92625] BlogappController::load
2018-03-11 22:57:02 DEBUG [92625] BlogappController::load POST
2018-03-11 22:57:02 DEBUG [92625] Model qtcsv Blogapp::load
2018-03-11 22:57:02 DEBUG [92640] BlogappController::load
2018-03-11 22:57:02 DEBUG [92640] BlogappController::load POST
2018-03-11 22:57:02 DEBUG [92640] Model qtcsv Blogapp::load
2018-03-11 22:59:59 DEBUG [93373] BlogappController::load
2018-03-11 23:00:05 DEBUG [93373] BlogappController::load
2018-03-11 23:00:05 DEBUG [93373] BlogappController::load POST
2018-03-11 23:00:05 DEBUG [93373] Model qtcsv Blogapp::load
2018-03-11 23:02:30 DEBUG [94895] BlogappController::load
2018-03-11 23:02:36 DEBUG [94895] BlogappController::load
2018-03-11 23:02:36 DEBUG [94895] BlogappController::load POST
2018-03-11 23:02:36 DEBUG [94895] Model qtcsv Blogapp::load
2018-03-11 23:18:50 DEBUG [102689] BlogappController::load
2018-03-11 23:18:56 DEBUG [102689] BlogappController::load
2018-03-11 23:18:56 DEBUG [102689] BlogappController::load POST
2018-03-11 23:18:56 DEBUG [102689] Model qtcsv Blogapp::load
2018-03-11 23:18:56 DEBUG [102715] BlogappController::load
2018-03-11 23:18:56 DEBUG [102715] BlogappController::load POST
2018-03-11 23:18:56 DEBUG [102715] Model qtcsv Blogapp::load
2018-03-11 23:37:49 DEBUG [102875] BlogappController::load
2018-03-11 23:37:55 DEBUG [102875] BlogappController::load
2018-03-11 23:37:55 DEBUG [102875] BlogappController::load POST
2018-03-11 23:37:55 DEBUG [102875] Model qtcsv Blogapp::load
2018-03-11 23:37:55 DEBUG [102917] BlogappController::load
2018-03-11 23:37:55 DEBUG [102917] BlogappController::load POST
2018-03-11 23:37:55 DEBUG [102917] Model qtcsv Blogapp::load
2018-03-11 23:40:49 DEBUG [103619] BlogappController::load
2018-03-11 23:40:54 DEBUG [103619] BlogappController::load
2018-03-11 23:40:54 DEBUG [103619] BlogappController::load POST
2018-03-11 23:40:54 DEBUG [103619] Model qtcsv Blogapp::load
2018-03-11 23:40:54 DEBUG [103643] BlogappController::load
2018-03-11 23:40:54 DEBUG [103643] BlogappController::load POST
2018-03-11 23:40:54 DEBUG [103643] Model qtcsv Blogapp::load
2018-03-11 23:48:48 DEBUG [103749] BlogappController::load
2018-03-11 23:48:53 DEBUG [103749] BlogappController::load
2018-03-11 23:48:53 DEBUG [103749] BlogappController::load POST
2018-03-11 23:48:53 DEBUG [103749] Model qtcsv Blogapp::load
2018-03-11 23:48:53 DEBUG [103770] BlogappController::load
2018-03-11 23:48:53 DEBUG [103770] BlogappController::load POST
2018-03-11 23:48:53 DEBUG [103770] Model qtcsv Blogapp::load
2018-03-12 00:00:02 DEBUG [105816] BlogappController::load
2018-03-12 00:00:08 DEBUG [105816] BlogappController::load
2018-03-12 00:00:08 DEBUG [105816] BlogappController::load POST
2018-03-12 00:00:08 DEBUG [105816] Model qtcsv Blogapp::load
2018-03-12 00:00:08 DEBUG [105848] BlogappController::load
2018-03-12 00:00:08 DEBUG [105848] BlogappController::load POST
2018-03-12 00:00:08 DEBUG [105848] Model qtcsv Blogapp::load
